<?xml version="1.0" encoding="UTF-8"?>
<!-- Generated by org.testng.reporters.JUnitReportReporter -->
<testsuite hostname="computer-PC" name="com.qa.test.Guixml" tests="1" failures="0" timestamp="18 Aug 2021 08:53:44 GMT" time="14.373" errors="0">
  <testcase name="guiXMLResponse" time="14.373" classname="com.qa.test.Guixml"/>
</testsuite> <!-- com.qa.test.Guixml -->
